
*** Running vivado
    with args -log MEM.vds -m64 -product Vivado -mode batch -messageDb vivado.pb -notrace -source MEM.tcl


****** Vivado v2017.3 (64-bit)
  **** SW Build 2018833 on Wed Oct  4 19:58:22 MDT 2017
  **** IP Build 2016188 on Wed Oct  4 21:52:56 MDT 2017
    ** Copyright 1986-2017 Xilinx, Inc. All Rights Reserved.

source MEM.tcl -notrace
Starting RTL Elaboration : Time (s): cpu = 00:00:08 ; elapsed = 00:00:10 . Memory (MB): peak = 391.297 ; gain = 94.695
INFO: [Synth 8-638] synthesizing module 'MEM' [c:/Users/AdoneyGalvan/Vivado Projects/GAME/GAME.srcs/sources_1/ip/MEM/synth/MEM.vhd:68]
INFO: [Synth 8-256] done synthesizing module 'MEM' (9#1) [c:/Users/AdoneyGalvan/Vivado Projects/GAME/GAME.srcs/sources_1/ip/MEM/synth/MEM.vhd:68]
Finished RTL Elaboration : Time (s): cpu = 00:01:20 ; elapsed = 00:01:22 . Memory (MB): peak = 600.086 ; gain = 303.484
Finished RTL Optimization Phase 1 : Time (s): cpu = 00:01:20 ; elapsed = 00:01:23 . Memory (MB): peak = 600.086 ; gain = 303.484
INFO: [Device 21-403] Loading part xc7a100tcsg324-1
Constraint Validation Runtime : Time (s): cpu = 00:00:00 ; elapsed = 00:00:00.107 . Memory (MB): peak = 673.641 ; gain = 0.000
Finished Constraint Validation : Time (s): cpu = 00:01:32 ; elapsed = 00:01:36 . Memory (MB): peak = 673.641 ; gain = 377.039
Finished Loading Part and Timing Information : Time (s): cpu = 00:01:32 ; elapsed = 00:01:36 . Memory (MB): peak = 673.641 ; gain = 377.039
Finished applying 'set_property' XDC Constraints : Time (s): cpu = 00:01:32 ; elapsed = 00:01:36 . Memory (MB): peak = 673.641 ; gain = 377.039
Finished RTL Optimization Phase 2 : Time (s): cpu = 00:01:33 ; elapsed = 00:01:36 . Memory (MB): peak = 673.641 ; gain = 377.039
Finished Cross Boundary and Area Optimization : Time (s): cpu = 00:01:33 ; elapsed = 00:01:37 . Memory (MB): peak = 673.641 ; gain = 377.039
Finished Applying XDC Timing Constraints : Time (s): cpu = 00:01:44 ; elapsed = 00:01:48 . Memory (MB): peak = 705.398 ; gain = 408.797
Finished Timing Optimization : Time (s): cpu = 00:01:44 ; elapsed = 00:01:48 . Memory (MB): peak = 705.398 ; gain = 408.797
Finished Technology Mapping : Time (s): cpu = 00:01:44 ; elapsed = 00:01:48 . Memory (MB): peak = 715.539 ; gain = 418.938
Finished IO Insertion : Time (s): cpu = 00:01:45 ; elapsed = 00:01:49 . Memory (MB): peak = 715.539 ; gain = 418.938
Finished Renaming Generated Instances : Time (s): cpu = 00:01:45 ; elapsed = 00:01:49 . Memory (MB): peak = 715.539 ; gain = 418.938
Finished Rebuilding User Hierarchy : Time (s): cpu = 00:01:45 ; elapsed = 00:01:49 . Memory (MB): peak = 715.539 ; gain = 418.938
Finished Renaming Generated Ports : Time (s): cpu = 00:01:45 ; elapsed = 00:01:49 . Memory (MB): peak = 715.539 ; gain = 418.938
Finished Handling Custom Attributes : Time (s): cpu = 00:01:45 ; elapsed = 00:01:49 . Memory (MB): peak = 715.539 ; gain = 418.938
Finished Renaming Generated Nets : Time (s): cpu = 00:01:45 ; elapsed = 00:01:49 . Memory (MB): peak = 715.539 ; gain = 418.938

Report Cell Usage: 
+------+---------+------+
|      |Cell     |Count |
+------+---------+------+
|1     |RAMB18E1 |     1|
+------+---------+------+
Finished Writing Synthesis Report : Time (s): cpu = 00:01:45 ; elapsed = 00:01:49 . Memory (MB): peak = 715.539 ; gain = 418.938
synth_design: Time (s): cpu = 00:01:46 ; elapsed = 00:01:52 . Memory (MB): peak = 729.035 ; gain = 440.082
