
*** Running vivado
    with args -log COLOR_TEST_MEM.vds -m64 -product Vivado -mode batch -messageDb vivado.pb -notrace -source COLOR_TEST_MEM.tcl


****** Vivado v2017.3 (64-bit)
  **** SW Build 2018833 on Wed Oct  4 19:58:22 MDT 2017
  **** IP Build 2016188 on Wed Oct  4 21:52:56 MDT 2017
    ** Copyright 1986-2017 Xilinx, Inc. All Rights Reserved.

source COLOR_TEST_MEM.tcl -notrace
Starting RTL Elaboration : Time (s): cpu = 00:00:08 ; elapsed = 00:00:10 . Memory (MB): peak = 391.367 ; gain = 95.137
INFO: [Synth 8-638] synthesizing module 'COLOR_TEST_MEM' [c:/Users/AdoneyGalvan/Vivado Projects/GAME/GAME.srcs/sources_1/ip/COLOR_TEST_MEM_1/synth/COLOR_TEST_MEM.vhd:68]
INFO: [Synth 8-256] done synthesizing module 'COLOR_TEST_MEM' (9#1) [c:/Users/AdoneyGalvan/Vivado Projects/GAME/GAME.srcs/sources_1/ip/COLOR_TEST_MEM_1/synth/COLOR_TEST_MEM.vhd:68]
Finished RTL Elaboration : Time (s): cpu = 00:01:16 ; elapsed = 00:01:38 . Memory (MB): peak = 600.230 ; gain = 304.000
Finished RTL Optimization Phase 1 : Time (s): cpu = 00:01:17 ; elapsed = 00:01:40 . Memory (MB): peak = 600.230 ; gain = 304.000
INFO: [Device 21-403] Loading part xc7a100tcsg324-1
Constraint Validation Runtime : Time (s): cpu = 00:00:00 ; elapsed = 00:00:00.264 . Memory (MB): peak = 674.746 ; gain = 0.000
Finished Constraint Validation : Time (s): cpu = 00:01:29 ; elapsed = 00:02:06 . Memory (MB): peak = 674.746 ; gain = 378.516
Finished Loading Part and Timing Information : Time (s): cpu = 00:01:29 ; elapsed = 00:02:07 . Memory (MB): peak = 674.746 ; gain = 378.516
Finished applying 'set_property' XDC Constraints : Time (s): cpu = 00:01:29 ; elapsed = 00:02:07 . Memory (MB): peak = 674.746 ; gain = 378.516
Finished RTL Optimization Phase 2 : Time (s): cpu = 00:01:30 ; elapsed = 00:02:07 . Memory (MB): peak = 674.746 ; gain = 378.516
Finished Cross Boundary and Area Optimization : Time (s): cpu = 00:01:30 ; elapsed = 00:02:08 . Memory (MB): peak = 674.746 ; gain = 378.516
Finished Applying XDC Timing Constraints : Time (s): cpu = 00:01:40 ; elapsed = 00:02:19 . Memory (MB): peak = 707.430 ; gain = 411.199
Finished Timing Optimization : Time (s): cpu = 00:01:40 ; elapsed = 00:02:19 . Memory (MB): peak = 708.434 ; gain = 412.203
Finished Technology Mapping : Time (s): cpu = 00:01:40 ; elapsed = 00:02:19 . Memory (MB): peak = 717.574 ; gain = 421.344
Finished IO Insertion : Time (s): cpu = 00:01:41 ; elapsed = 00:02:20 . Memory (MB): peak = 717.574 ; gain = 421.344
Finished Renaming Generated Instances : Time (s): cpu = 00:01:41 ; elapsed = 00:02:20 . Memory (MB): peak = 717.574 ; gain = 421.344
Finished Rebuilding User Hierarchy : Time (s): cpu = 00:01:41 ; elapsed = 00:02:20 . Memory (MB): peak = 717.574 ; gain = 421.344
Finished Renaming Generated Ports : Time (s): cpu = 00:01:41 ; elapsed = 00:02:20 . Memory (MB): peak = 717.574 ; gain = 421.344
Finished Handling Custom Attributes : Time (s): cpu = 00:01:41 ; elapsed = 00:02:20 . Memory (MB): peak = 717.574 ; gain = 421.344
Finished Renaming Generated Nets : Time (s): cpu = 00:01:41 ; elapsed = 00:02:20 . Memory (MB): peak = 717.574 ; gain = 421.344

Report Cell Usage: 
+------+---------+------+
|      |Cell     |Count |
+------+---------+------+
|1     |RAMB36E1 |     1|
+------+---------+------+
Finished Writing Synthesis Report : Time (s): cpu = 00:01:41 ; elapsed = 00:02:20 . Memory (MB): peak = 717.574 ; gain = 421.344
synth_design: Time (s): cpu = 00:01:43 ; elapsed = 00:02:25 . Memory (MB): peak = 730.094 ; gain = 441.383
