
*** Running vivado
    with args -log Text.vds -m64 -product Vivado -mode batch -messageDb vivado.pb -notrace -source Text.tcl


****** Vivado v2017.3 (64-bit)
  **** SW Build 2018833 on Wed Oct  4 19:58:22 MDT 2017
  **** IP Build 2016188 on Wed Oct  4 21:52:56 MDT 2017
    ** Copyright 1986-2017 Xilinx, Inc. All Rights Reserved.

source Text.tcl -notrace
Starting RTL Elaboration : Time (s): cpu = 00:00:08 ; elapsed = 00:00:10 . Memory (MB): peak = 392.164 ; gain = 95.305
INFO: [Synth 8-638] synthesizing module 'Text' [c:/Users/AdoneyGalvan/Vivado Projects/GAME/GAME.srcs/sources_1/ip/Text/synth/Text.vhd:68]
INFO: [Synth 8-256] done synthesizing module 'Text' (9#1) [c:/Users/AdoneyGalvan/Vivado Projects/GAME/GAME.srcs/sources_1/ip/Text/synth/Text.vhd:68]
Finished RTL Elaboration : Time (s): cpu = 00:01:14 ; elapsed = 00:01:16 . Memory (MB): peak = 600.977 ; gain = 304.117
Finished RTL Optimization Phase 1 : Time (s): cpu = 00:01:14 ; elapsed = 00:01:16 . Memory (MB): peak = 600.977 ; gain = 304.117
INFO: [Device 21-403] Loading part xc7a100tcsg324-1
Constraint Validation Runtime : Time (s): cpu = 00:00:00 ; elapsed = 00:00:00.298 . Memory (MB): peak = 674.563 ; gain = 0.000
Finished Constraint Validation : Time (s): cpu = 00:01:26 ; elapsed = 00:01:33 . Memory (MB): peak = 674.563 ; gain = 377.703
Finished Loading Part and Timing Information : Time (s): cpu = 00:01:26 ; elapsed = 00:01:33 . Memory (MB): peak = 674.563 ; gain = 377.703
Finished applying 'set_property' XDC Constraints : Time (s): cpu = 00:01:26 ; elapsed = 00:01:33 . Memory (MB): peak = 674.563 ; gain = 377.703
Finished RTL Optimization Phase 2 : Time (s): cpu = 00:01:26 ; elapsed = 00:01:33 . Memory (MB): peak = 674.563 ; gain = 377.703
Finished Cross Boundary and Area Optimization : Time (s): cpu = 00:01:27 ; elapsed = 00:01:34 . Memory (MB): peak = 674.563 ; gain = 377.703
Finished Applying XDC Timing Constraints : Time (s): cpu = 00:01:37 ; elapsed = 00:01:44 . Memory (MB): peak = 707.164 ; gain = 410.305
Finished Timing Optimization : Time (s): cpu = 00:01:37 ; elapsed = 00:01:44 . Memory (MB): peak = 707.164 ; gain = 410.305
Finished Technology Mapping : Time (s): cpu = 00:01:37 ; elapsed = 00:01:44 . Memory (MB): peak = 718.309 ; gain = 421.449
Finished IO Insertion : Time (s): cpu = 00:01:38 ; elapsed = 00:01:45 . Memory (MB): peak = 718.309 ; gain = 421.449
Finished Renaming Generated Instances : Time (s): cpu = 00:01:38 ; elapsed = 00:01:45 . Memory (MB): peak = 718.309 ; gain = 421.449
Finished Rebuilding User Hierarchy : Time (s): cpu = 00:01:38 ; elapsed = 00:01:45 . Memory (MB): peak = 718.309 ; gain = 421.449
Finished Renaming Generated Ports : Time (s): cpu = 00:01:38 ; elapsed = 00:01:45 . Memory (MB): peak = 718.309 ; gain = 421.449
Finished Handling Custom Attributes : Time (s): cpu = 00:01:38 ; elapsed = 00:01:45 . Memory (MB): peak = 718.309 ; gain = 421.449
Finished Renaming Generated Nets : Time (s): cpu = 00:01:38 ; elapsed = 00:01:45 . Memory (MB): peak = 718.309 ; gain = 421.449

Report Cell Usage: 
+------+---------+------+
|      |Cell     |Count |
+------+---------+------+
|1     |RAMB36E1 |     1|
+------+---------+------+
Finished Writing Synthesis Report : Time (s): cpu = 00:01:38 ; elapsed = 00:01:45 . Memory (MB): peak = 718.309 ; gain = 421.449
synth_design: Time (s): cpu = 00:01:39 ; elapsed = 00:01:52 . Memory (MB): peak = 730.863 ; gain = 442.152
