
*** Running vivado
    with args -log Graphics.vds -m64 -product Vivado -mode batch -messageDb vivado.pb -notrace -source Graphics.tcl


****** Vivado v2017.3 (64-bit)
  **** SW Build 2018833 on Wed Oct  4 19:58:22 MDT 2017
  **** IP Build 2016188 on Wed Oct  4 21:52:56 MDT 2017
    ** Copyright 1986-2017 Xilinx, Inc. All Rights Reserved.

source Graphics.tcl -notrace
Starting RTL Elaboration : Time (s): cpu = 00:00:08 ; elapsed = 00:00:09 . Memory (MB): peak = 392.410 ; gain = 95.547
INFO: [Synth 8-638] synthesizing module 'Graphics' [c:/Users/AdoneyGalvan/Vivado Projects/GAME/GAME.srcs/sources_1/ip/Graphics/synth/Graphics.vhd:68]
INFO: [Synth 8-256] done synthesizing module 'Graphics' (9#1) [c:/Users/AdoneyGalvan/Vivado Projects/GAME/GAME.srcs/sources_1/ip/Graphics/synth/Graphics.vhd:68]
Finished RTL Elaboration : Time (s): cpu = 00:01:16 ; elapsed = 00:01:16 . Memory (MB): peak = 601.309 ; gain = 304.445
Finished RTL Optimization Phase 1 : Time (s): cpu = 00:01:16 ; elapsed = 00:01:17 . Memory (MB): peak = 601.309 ; gain = 304.445
INFO: [Device 21-403] Loading part xc7a100tcsg324-1
Constraint Validation Runtime : Time (s): cpu = 00:00:00 ; elapsed = 00:00:00.072 . Memory (MB): peak = 673.887 ; gain = 0.000
Finished Constraint Validation : Time (s): cpu = 00:01:28 ; elapsed = 00:01:30 . Memory (MB): peak = 673.887 ; gain = 377.023
Finished Loading Part and Timing Information : Time (s): cpu = 00:01:28 ; elapsed = 00:01:30 . Memory (MB): peak = 673.887 ; gain = 377.023
Finished applying 'set_property' XDC Constraints : Time (s): cpu = 00:01:28 ; elapsed = 00:01:30 . Memory (MB): peak = 673.887 ; gain = 377.023
Finished RTL Optimization Phase 2 : Time (s): cpu = 00:01:28 ; elapsed = 00:01:30 . Memory (MB): peak = 673.887 ; gain = 377.023
Finished Cross Boundary and Area Optimization : Time (s): cpu = 00:01:28 ; elapsed = 00:01:31 . Memory (MB): peak = 673.887 ; gain = 377.023
Finished Applying XDC Timing Constraints : Time (s): cpu = 00:01:39 ; elapsed = 00:01:41 . Memory (MB): peak = 708.492 ; gain = 411.629
Finished Timing Optimization : Time (s): cpu = 00:01:39 ; elapsed = 00:01:41 . Memory (MB): peak = 708.492 ; gain = 411.629
Finished Technology Mapping : Time (s): cpu = 00:01:39 ; elapsed = 00:01:41 . Memory (MB): peak = 718.637 ; gain = 421.773
Finished IO Insertion : Time (s): cpu = 00:01:40 ; elapsed = 00:01:42 . Memory (MB): peak = 718.637 ; gain = 421.773
Finished Renaming Generated Instances : Time (s): cpu = 00:01:40 ; elapsed = 00:01:42 . Memory (MB): peak = 718.637 ; gain = 421.773
Finished Rebuilding User Hierarchy : Time (s): cpu = 00:01:40 ; elapsed = 00:01:42 . Memory (MB): peak = 718.637 ; gain = 421.773
Finished Renaming Generated Ports : Time (s): cpu = 00:01:40 ; elapsed = 00:01:42 . Memory (MB): peak = 718.637 ; gain = 421.773
Finished Handling Custom Attributes : Time (s): cpu = 00:01:40 ; elapsed = 00:01:42 . Memory (MB): peak = 718.637 ; gain = 421.773
Finished Renaming Generated Nets : Time (s): cpu = 00:01:40 ; elapsed = 00:01:42 . Memory (MB): peak = 718.637 ; gain = 421.773

Report Cell Usage: 
+------+---------+------+
|      |Cell     |Count |
+------+---------+------+
|1     |RAMB36E1 |     1|
+------+---------+------+
Finished Writing Synthesis Report : Time (s): cpu = 00:01:40 ; elapsed = 00:01:42 . Memory (MB): peak = 718.637 ; gain = 421.773
synth_design: Time (s): cpu = 00:01:40 ; elapsed = 00:01:45 . Memory (MB): peak = 730.156 ; gain = 441.250
