
*** Running vivado
    with args -log Text.vds -m64 -product Vivado -mode batch -messageDb vivado.pb -notrace -source Text.tcl


****** Vivado v2017.3 (64-bit)
  **** SW Build 2018833 on Wed Oct  4 19:58:22 MDT 2017
  **** IP Build 2016188 on Wed Oct  4 21:52:56 MDT 2017
    ** Copyright 1986-2017 Xilinx, Inc. All Rights Reserved.

source Text.tcl -notrace
Starting RTL Elaboration : Time (s): cpu = 00:00:08 ; elapsed = 00:00:09 . Memory (MB): peak = 391.859 ; gain = 95.281
INFO: [Synth 8-638] synthesizing module 'Text' [c:/Users/AdoneyGalvan/Vivado Projects/GAME/GAME.srcs/sources_1/ip/Text/synth/Text.vhd:68]
INFO: [Synth 8-256] done synthesizing module 'Text' (9#1) [c:/Users/AdoneyGalvan/Vivado Projects/GAME/GAME.srcs/sources_1/ip/Text/synth/Text.vhd:68]
Finished RTL Elaboration : Time (s): cpu = 00:01:17 ; elapsed = 00:01:18 . Memory (MB): peak = 600.734 ; gain = 304.156
Finished RTL Optimization Phase 1 : Time (s): cpu = 00:01:17 ; elapsed = 00:01:18 . Memory (MB): peak = 600.734 ; gain = 304.156
INFO: [Device 21-403] Loading part xc7a100tcsg324-1
Constraint Validation Runtime : Time (s): cpu = 00:00:00 ; elapsed = 00:00:00.359 . Memory (MB): peak = 674.293 ; gain = 0.000
Finished Constraint Validation : Time (s): cpu = 00:01:30 ; elapsed = 00:01:46 . Memory (MB): peak = 674.293 ; gain = 377.715
Finished Loading Part and Timing Information : Time (s): cpu = 00:01:30 ; elapsed = 00:01:46 . Memory (MB): peak = 674.293 ; gain = 377.715
Finished applying 'set_property' XDC Constraints : Time (s): cpu = 00:01:30 ; elapsed = 00:01:46 . Memory (MB): peak = 674.293 ; gain = 377.715
Finished RTL Optimization Phase 2 : Time (s): cpu = 00:01:30 ; elapsed = 00:01:46 . Memory (MB): peak = 674.293 ; gain = 377.715
Finished Cross Boundary and Area Optimization : Time (s): cpu = 00:01:30 ; elapsed = 00:01:47 . Memory (MB): peak = 674.293 ; gain = 377.715
Finished Applying XDC Timing Constraints : Time (s): cpu = 00:01:41 ; elapsed = 00:01:58 . Memory (MB): peak = 707.043 ; gain = 410.465
Finished Timing Optimization : Time (s): cpu = 00:01:41 ; elapsed = 00:01:58 . Memory (MB): peak = 707.043 ; gain = 410.465
Finished Technology Mapping : Time (s): cpu = 00:01:41 ; elapsed = 00:01:58 . Memory (MB): peak = 718.188 ; gain = 421.609
Finished IO Insertion : Time (s): cpu = 00:01:42 ; elapsed = 00:01:59 . Memory (MB): peak = 718.188 ; gain = 421.609
Finished Renaming Generated Instances : Time (s): cpu = 00:01:42 ; elapsed = 00:01:59 . Memory (MB): peak = 718.188 ; gain = 421.609
Finished Rebuilding User Hierarchy : Time (s): cpu = 00:01:42 ; elapsed = 00:01:59 . Memory (MB): peak = 718.188 ; gain = 421.609
Finished Renaming Generated Ports : Time (s): cpu = 00:01:42 ; elapsed = 00:01:59 . Memory (MB): peak = 718.188 ; gain = 421.609
Finished Handling Custom Attributes : Time (s): cpu = 00:01:42 ; elapsed = 00:01:59 . Memory (MB): peak = 718.188 ; gain = 421.609
Finished Renaming Generated Nets : Time (s): cpu = 00:01:42 ; elapsed = 00:01:59 . Memory (MB): peak = 718.188 ; gain = 421.609

Report Cell Usage: 
+------+---------+------+
|      |Cell     |Count |
+------+---------+------+
|1     |RAMB36E1 |     1|
+------+---------+------+
Finished Writing Synthesis Report : Time (s): cpu = 00:01:42 ; elapsed = 00:01:59 . Memory (MB): peak = 718.188 ; gain = 421.609
synth_design: Time (s): cpu = 00:01:43 ; elapsed = 00:02:02 . Memory (MB): peak = 729.707 ; gain = 441.277
