
*** Running vivado
    with args -log Text.vds -m64 -product Vivado -mode batch -messageDb vivado.pb -notrace -source Text.tcl


****** Vivado v2017.3 (64-bit)
  **** SW Build 2018833 on Wed Oct  4 19:58:22 MDT 2017
  **** IP Build 2016188 on Wed Oct  4 21:52:56 MDT 2017
    ** Copyright 1986-2017 Xilinx, Inc. All Rights Reserved.

source Text.tcl -notrace
Starting RTL Elaboration : Time (s): cpu = 00:00:08 ; elapsed = 00:00:09 . Memory (MB): peak = 392.219 ; gain = 95.359
INFO: [Synth 8-638] synthesizing module 'Text' [c:/Users/AdoneyGalvan/Vivado Projects/GAME/GAME.srcs/sources_1/ip/Text/synth/Text.vhd:68]
INFO: [Synth 8-256] done synthesizing module 'Text' (9#1) [c:/Users/AdoneyGalvan/Vivado Projects/GAME/GAME.srcs/sources_1/ip/Text/synth/Text.vhd:68]
Finished RTL Elaboration : Time (s): cpu = 00:01:19 ; elapsed = 00:01:21 . Memory (MB): peak = 601.109 ; gain = 304.250
Finished RTL Optimization Phase 1 : Time (s): cpu = 00:01:19 ; elapsed = 00:01:21 . Memory (MB): peak = 601.109 ; gain = 304.250
INFO: [Device 21-403] Loading part xc7a100tcsg324-1
Constraint Validation Runtime : Time (s): cpu = 00:00:00 ; elapsed = 00:00:00.076 . Memory (MB): peak = 674.586 ; gain = 0.000
Finished Constraint Validation : Time (s): cpu = 00:01:31 ; elapsed = 00:01:34 . Memory (MB): peak = 674.586 ; gain = 377.727
Finished Loading Part and Timing Information : Time (s): cpu = 00:01:31 ; elapsed = 00:01:34 . Memory (MB): peak = 674.586 ; gain = 377.727
Finished applying 'set_property' XDC Constraints : Time (s): cpu = 00:01:31 ; elapsed = 00:01:34 . Memory (MB): peak = 674.586 ; gain = 377.727
Finished RTL Optimization Phase 2 : Time (s): cpu = 00:01:31 ; elapsed = 00:01:34 . Memory (MB): peak = 674.586 ; gain = 377.727
Finished Cross Boundary and Area Optimization : Time (s): cpu = 00:01:31 ; elapsed = 00:01:34 . Memory (MB): peak = 674.586 ; gain = 377.727
Finished Applying XDC Timing Constraints : Time (s): cpu = 00:01:42 ; elapsed = 00:01:46 . Memory (MB): peak = 708.133 ; gain = 411.273
Finished Timing Optimization : Time (s): cpu = 00:01:42 ; elapsed = 00:01:46 . Memory (MB): peak = 708.133 ; gain = 411.273
Finished Technology Mapping : Time (s): cpu = 00:01:42 ; elapsed = 00:01:46 . Memory (MB): peak = 718.273 ; gain = 421.414
Finished IO Insertion : Time (s): cpu = 00:01:43 ; elapsed = 00:01:47 . Memory (MB): peak = 718.273 ; gain = 421.414
Finished Renaming Generated Instances : Time (s): cpu = 00:01:44 ; elapsed = 00:01:47 . Memory (MB): peak = 718.273 ; gain = 421.414
Finished Rebuilding User Hierarchy : Time (s): cpu = 00:01:44 ; elapsed = 00:01:47 . Memory (MB): peak = 718.273 ; gain = 421.414
Finished Renaming Generated Ports : Time (s): cpu = 00:01:44 ; elapsed = 00:01:47 . Memory (MB): peak = 718.273 ; gain = 421.414
Finished Handling Custom Attributes : Time (s): cpu = 00:01:44 ; elapsed = 00:01:47 . Memory (MB): peak = 718.273 ; gain = 421.414
Finished Renaming Generated Nets : Time (s): cpu = 00:01:44 ; elapsed = 00:01:47 . Memory (MB): peak = 718.273 ; gain = 421.414

Report Cell Usage: 
+------+---------+------+
|      |Cell     |Count |
+------+---------+------+
|1     |RAMB36E1 |     1|
+------+---------+------+
Finished Writing Synthesis Report : Time (s): cpu = 00:01:44 ; elapsed = 00:01:47 . Memory (MB): peak = 718.273 ; gain = 421.414
synth_design: Time (s): cpu = 00:01:45 ; elapsed = 00:01:49 . Memory (MB): peak = 729.887 ; gain = 441.738
