
*** Running vivado
    with args -log MEM.vds -m64 -product Vivado -mode batch -messageDb vivado.pb -notrace -source MEM.tcl


****** Vivado v2017.3 (64-bit)
  **** SW Build 2018833 on Wed Oct  4 19:58:22 MDT 2017
  **** IP Build 2016188 on Wed Oct  4 21:52:56 MDT 2017
    ** Copyright 1986-2017 Xilinx, Inc. All Rights Reserved.

source MEM.tcl -notrace
Starting RTL Elaboration : Time (s): cpu = 00:00:08 ; elapsed = 00:00:08 . Memory (MB): peak = 391.832 ; gain = 95.355
INFO: [Synth 8-638] synthesizing module 'MEM' [c:/Users/AdoneyGalvan/Vivado Projects/GAME/GAME.srcs/sources_1/ip/MEM/synth/MEM.vhd:68]
INFO: [Synth 8-256] done synthesizing module 'MEM' (9#1) [c:/Users/AdoneyGalvan/Vivado Projects/GAME/GAME.srcs/sources_1/ip/MEM/synth/MEM.vhd:68]
Finished RTL Elaboration : Time (s): cpu = 00:01:15 ; elapsed = 00:01:15 . Memory (MB): peak = 600.715 ; gain = 304.238
Finished RTL Optimization Phase 1 : Time (s): cpu = 00:01:15 ; elapsed = 00:01:16 . Memory (MB): peak = 600.715 ; gain = 304.238
INFO: [Device 21-403] Loading part xc7a100tcsg324-1
Constraint Validation Runtime : Time (s): cpu = 00:00:00 ; elapsed = 00:00:00.006 . Memory (MB): peak = 674.430 ; gain = 0.000
Finished Constraint Validation : Time (s): cpu = 00:01:26 ; elapsed = 00:01:27 . Memory (MB): peak = 674.430 ; gain = 377.953
Finished Loading Part and Timing Information : Time (s): cpu = 00:01:26 ; elapsed = 00:01:27 . Memory (MB): peak = 674.430 ; gain = 377.953
Finished applying 'set_property' XDC Constraints : Time (s): cpu = 00:01:26 ; elapsed = 00:01:28 . Memory (MB): peak = 674.430 ; gain = 377.953
Finished RTL Optimization Phase 2 : Time (s): cpu = 00:01:27 ; elapsed = 00:01:28 . Memory (MB): peak = 674.430 ; gain = 377.953
Finished Cross Boundary and Area Optimization : Time (s): cpu = 00:01:27 ; elapsed = 00:01:28 . Memory (MB): peak = 674.430 ; gain = 377.953
Finished Applying XDC Timing Constraints : Time (s): cpu = 00:01:37 ; elapsed = 00:01:38 . Memory (MB): peak = 706.035 ; gain = 409.559
Finished Timing Optimization : Time (s): cpu = 00:01:37 ; elapsed = 00:01:38 . Memory (MB): peak = 706.035 ; gain = 409.559
Finished Technology Mapping : Time (s): cpu = 00:01:37 ; elapsed = 00:01:38 . Memory (MB): peak = 715.176 ; gain = 418.699
Finished IO Insertion : Time (s): cpu = 00:01:38 ; elapsed = 00:01:39 . Memory (MB): peak = 715.176 ; gain = 418.699
Finished Renaming Generated Instances : Time (s): cpu = 00:01:38 ; elapsed = 00:01:39 . Memory (MB): peak = 715.176 ; gain = 418.699
Finished Rebuilding User Hierarchy : Time (s): cpu = 00:01:38 ; elapsed = 00:01:39 . Memory (MB): peak = 715.176 ; gain = 418.699
Finished Renaming Generated Ports : Time (s): cpu = 00:01:38 ; elapsed = 00:01:39 . Memory (MB): peak = 715.176 ; gain = 418.699
Finished Handling Custom Attributes : Time (s): cpu = 00:01:38 ; elapsed = 00:01:39 . Memory (MB): peak = 715.176 ; gain = 418.699
Finished Renaming Generated Nets : Time (s): cpu = 00:01:38 ; elapsed = 00:01:39 . Memory (MB): peak = 715.176 ; gain = 418.699

Report Cell Usage: 
+------+---------+------+
|      |Cell     |Count |
+------+---------+------+
|1     |RAMB18E1 |     1|
+------+---------+------+
Finished Writing Synthesis Report : Time (s): cpu = 00:01:38 ; elapsed = 00:01:39 . Memory (MB): peak = 715.176 ; gain = 418.699
synth_design: Time (s): cpu = 00:01:39 ; elapsed = 00:01:41 . Memory (MB): peak = 728.699 ; gain = 439.734
