
*** Running vivado
    with args -log blk_mem_gen_0.vds -m64 -product Vivado -mode batch -messageDb vivado.pb -notrace -source blk_mem_gen_0.tcl


****** Vivado v2017.3 (64-bit)
  **** SW Build 2018833 on Wed Oct  4 19:58:22 MDT 2017
  **** IP Build 2016188 on Wed Oct  4 21:52:56 MDT 2017
    ** Copyright 1986-2017 Xilinx, Inc. All Rights Reserved.

source blk_mem_gen_0.tcl -notrace
Starting RTL Elaboration : Time (s): cpu = 00:00:09 ; elapsed = 00:00:11 . Memory (MB): peak = 391.777 ; gain = 95.367
INFO: [Synth 8-638] synthesizing module 'blk_mem_gen_0' [c:/Users/AdoneyGalvan/Vivado Projects/GAME/GAME.srcs/sources_1/ip/blk_mem_gen_0/synth/blk_mem_gen_0.vhd:68]
INFO: [Synth 8-256] done synthesizing module 'blk_mem_gen_0' (9#1) [c:/Users/AdoneyGalvan/Vivado Projects/GAME/GAME.srcs/sources_1/ip/blk_mem_gen_0/synth/blk_mem_gen_0.vhd:68]
Finished RTL Elaboration : Time (s): cpu = 00:01:25 ; elapsed = 00:01:32 . Memory (MB): peak = 600.723 ; gain = 304.313
Finished RTL Optimization Phase 1 : Time (s): cpu = 00:01:25 ; elapsed = 00:01:33 . Memory (MB): peak = 600.723 ; gain = 304.313
INFO: [Device 21-403] Loading part xc7a100tcsg324-1
Constraint Validation Runtime : Time (s): cpu = 00:00:00 ; elapsed = 00:00:00.465 . Memory (MB): peak = 673.277 ; gain = 0.000
Finished Constraint Validation : Time (s): cpu = 00:01:38 ; elapsed = 00:01:56 . Memory (MB): peak = 673.277 ; gain = 376.867
Finished Loading Part and Timing Information : Time (s): cpu = 00:01:38 ; elapsed = 00:01:56 . Memory (MB): peak = 673.277 ; gain = 376.867
Finished applying 'set_property' XDC Constraints : Time (s): cpu = 00:01:38 ; elapsed = 00:01:56 . Memory (MB): peak = 673.277 ; gain = 376.867
Finished RTL Optimization Phase 2 : Time (s): cpu = 00:01:39 ; elapsed = 00:01:57 . Memory (MB): peak = 673.277 ; gain = 376.867
Finished Cross Boundary and Area Optimization : Time (s): cpu = 00:01:39 ; elapsed = 00:01:57 . Memory (MB): peak = 673.277 ; gain = 376.867
Finished Applying XDC Timing Constraints : Time (s): cpu = 00:01:49 ; elapsed = 00:02:13 . Memory (MB): peak = 706.105 ; gain = 409.695
Finished Timing Optimization : Time (s): cpu = 00:01:49 ; elapsed = 00:02:14 . Memory (MB): peak = 706.105 ; gain = 409.695
Finished Technology Mapping : Time (s): cpu = 00:01:49 ; elapsed = 00:02:17 . Memory (MB): peak = 715.246 ; gain = 418.836
Finished IO Insertion : Time (s): cpu = 00:01:50 ; elapsed = 00:02:19 . Memory (MB): peak = 715.246 ; gain = 418.836
Finished Renaming Generated Instances : Time (s): cpu = 00:01:50 ; elapsed = 00:02:19 . Memory (MB): peak = 715.246 ; gain = 418.836
Finished Rebuilding User Hierarchy : Time (s): cpu = 00:01:50 ; elapsed = 00:02:19 . Memory (MB): peak = 715.246 ; gain = 418.836
Finished Renaming Generated Ports : Time (s): cpu = 00:01:50 ; elapsed = 00:02:19 . Memory (MB): peak = 715.246 ; gain = 418.836
Finished Handling Custom Attributes : Time (s): cpu = 00:01:50 ; elapsed = 00:02:19 . Memory (MB): peak = 715.246 ; gain = 418.836
Finished Renaming Generated Nets : Time (s): cpu = 00:01:50 ; elapsed = 00:02:19 . Memory (MB): peak = 715.246 ; gain = 418.836

Report Cell Usage: 
+------+---------+------+
|      |Cell     |Count |
+------+---------+------+
|1     |RAMB18E1 |     1|
+------+---------+------+
Finished Writing Synthesis Report : Time (s): cpu = 00:01:50 ; elapsed = 00:02:19 . Memory (MB): peak = 715.246 ; gain = 418.836
synth_design: Time (s): cpu = 00:01:52 ; elapsed = 00:02:30 . Memory (MB): peak = 728.770 ; gain = 440.258
