
*** Running vivado
    with args -log WINLOSE.vds -m64 -product Vivado -mode batch -messageDb vivado.pb -notrace -source WINLOSE.tcl


****** Vivado v2017.3 (64-bit)
  **** SW Build 2018833 on Wed Oct  4 19:58:22 MDT 2017
  **** IP Build 2016188 on Wed Oct  4 21:52:56 MDT 2017
    ** Copyright 1986-2017 Xilinx, Inc. All Rights Reserved.

source WINLOSE.tcl -notrace
Starting RTL Elaboration : Time (s): cpu = 00:00:08 ; elapsed = 00:00:09 . Memory (MB): peak = 392.285 ; gain = 95.285
INFO: [Synth 8-638] synthesizing module 'WINLOSE' [c:/Users/AdoneyGalvan/Vivado Projects/GAME/GAME.srcs/sources_1/ip/WINLOSE/synth/WINLOSE.vhd:68]
INFO: [Synth 8-256] done synthesizing module 'WINLOSE' (9#1) [c:/Users/AdoneyGalvan/Vivado Projects/GAME/GAME.srcs/sources_1/ip/WINLOSE/synth/WINLOSE.vhd:68]
Finished RTL Elaboration : Time (s): cpu = 00:01:20 ; elapsed = 00:01:22 . Memory (MB): peak = 601.184 ; gain = 304.184
Finished RTL Optimization Phase 1 : Time (s): cpu = 00:01:21 ; elapsed = 00:01:22 . Memory (MB): peak = 601.184 ; gain = 304.184
INFO: [Device 21-403] Loading part xc7a100tcsg324-1
Constraint Validation Runtime : Time (s): cpu = 00:00:00 ; elapsed = 00:00:00.074 . Memory (MB): peak = 673.895 ; gain = 0.000
Finished Constraint Validation : Time (s): cpu = 00:01:32 ; elapsed = 00:01:35 . Memory (MB): peak = 673.895 ; gain = 376.895
Finished Loading Part and Timing Information : Time (s): cpu = 00:01:33 ; elapsed = 00:01:35 . Memory (MB): peak = 673.895 ; gain = 376.895
Finished applying 'set_property' XDC Constraints : Time (s): cpu = 00:01:33 ; elapsed = 00:01:35 . Memory (MB): peak = 673.895 ; gain = 376.895
Finished RTL Optimization Phase 2 : Time (s): cpu = 00:01:33 ; elapsed = 00:01:35 . Memory (MB): peak = 673.895 ; gain = 376.895
Finished Cross Boundary and Area Optimization : Time (s): cpu = 00:01:33 ; elapsed = 00:01:36 . Memory (MB): peak = 673.895 ; gain = 376.895
Finished Applying XDC Timing Constraints : Time (s): cpu = 00:01:44 ; elapsed = 00:01:47 . Memory (MB): peak = 707.434 ; gain = 410.434
Finished Timing Optimization : Time (s): cpu = 00:01:44 ; elapsed = 00:01:47 . Memory (MB): peak = 707.434 ; gain = 410.434
Finished Technology Mapping : Time (s): cpu = 00:01:44 ; elapsed = 00:01:47 . Memory (MB): peak = 718.578 ; gain = 421.578
Finished IO Insertion : Time (s): cpu = 00:01:45 ; elapsed = 00:01:48 . Memory (MB): peak = 718.578 ; gain = 421.578
Finished Renaming Generated Instances : Time (s): cpu = 00:01:45 ; elapsed = 00:01:48 . Memory (MB): peak = 718.578 ; gain = 421.578
Finished Rebuilding User Hierarchy : Time (s): cpu = 00:01:45 ; elapsed = 00:01:48 . Memory (MB): peak = 718.578 ; gain = 421.578
Finished Renaming Generated Ports : Time (s): cpu = 00:01:45 ; elapsed = 00:01:48 . Memory (MB): peak = 718.578 ; gain = 421.578
Finished Handling Custom Attributes : Time (s): cpu = 00:01:45 ; elapsed = 00:01:48 . Memory (MB): peak = 718.578 ; gain = 421.578
Finished Renaming Generated Nets : Time (s): cpu = 00:01:45 ; elapsed = 00:01:48 . Memory (MB): peak = 718.578 ; gain = 421.578

Report Cell Usage: 
+------+---------+------+
|      |Cell     |Count |
+------+---------+------+
|1     |RAMB36E1 |     1|
+------+---------+------+
Finished Writing Synthesis Report : Time (s): cpu = 00:01:45 ; elapsed = 00:01:48 . Memory (MB): peak = 718.578 ; gain = 421.578
synth_design: Time (s): cpu = 00:01:46 ; elapsed = 00:01:50 . Memory (MB): peak = 730.098 ; gain = 441.180
