
*** Running vivado
    with args -log EXPLOSION_AUDIO.vds -m64 -product Vivado -mode batch -messageDb vivado.pb -notrace -source EXPLOSION_AUDIO.tcl


****** Vivado v2017.3 (64-bit)
  **** SW Build 2018833 on Wed Oct  4 19:58:22 MDT 2017
  **** IP Build 2016188 on Wed Oct  4 21:52:56 MDT 2017
    ** Copyright 1986-2017 Xilinx, Inc. All Rights Reserved.

source EXPLOSION_AUDIO.tcl -notrace
create_project: Time (s): cpu = 00:00:01 ; elapsed = 00:00:15 . Memory (MB): peak = 270.391 ; gain = 34.105
Starting RTL Elaboration : Time (s): cpu = 00:00:09 ; elapsed = 00:00:48 . Memory (MB): peak = 392.941 ; gain = 95.617
INFO: [Synth 8-638] synthesizing module 'EXPLOSION_AUDIO' [c:/Users/AdoneyGalvan/Vivado Projects/GAME/GAME.srcs/sources_1/ip/EXPLOSION_AUDIO/synth/EXPLOSION_AUDIO.vhd:68]
INFO: [Synth 8-256] done synthesizing module 'EXPLOSION_AUDIO' (11#1) [c:/Users/AdoneyGalvan/Vivado Projects/GAME/GAME.srcs/sources_1/ip/EXPLOSION_AUDIO/synth/EXPLOSION_AUDIO.vhd:68]
Finished RTL Elaboration : Time (s): cpu = 00:01:54 ; elapsed = 00:03:10 . Memory (MB): peak = 665.598 ; gain = 368.273
Finished RTL Optimization Phase 1 : Time (s): cpu = 00:01:54 ; elapsed = 00:03:11 . Memory (MB): peak = 665.598 ; gain = 368.273
INFO: [Device 21-403] Loading part xc7a100tcsg324-1
Constraint Validation Runtime : Time (s): cpu = 00:00:00 ; elapsed = 00:00:00.913 . Memory (MB): peak = 763.082 ; gain = 0.000
Finished Constraint Validation : Time (s): cpu = 00:02:08 ; elapsed = 00:04:39 . Memory (MB): peak = 763.082 ; gain = 465.758
Finished Loading Part and Timing Information : Time (s): cpu = 00:02:08 ; elapsed = 00:04:41 . Memory (MB): peak = 763.082 ; gain = 465.758
Finished applying 'set_property' XDC Constraints : Time (s): cpu = 00:02:08 ; elapsed = 00:04:44 . Memory (MB): peak = 763.082 ; gain = 465.758
Finished RTL Optimization Phase 2 : Time (s): cpu = 00:02:09 ; elapsed = 00:05:01 . Memory (MB): peak = 763.082 ; gain = 465.758
Finished Cross Boundary and Area Optimization : Time (s): cpu = 00:02:10 ; elapsed = 00:05:11 . Memory (MB): peak = 763.082 ; gain = 465.758
Finished Applying XDC Timing Constraints : Time (s): cpu = 00:02:22 ; elapsed = 00:05:25 . Memory (MB): peak = 763.262 ; gain = 465.938
Finished Timing Optimization : Time (s): cpu = 00:02:22 ; elapsed = 00:05:26 . Memory (MB): peak = 765.266 ; gain = 467.941
Finished Technology Mapping : Time (s): cpu = 00:02:22 ; elapsed = 00:05:28 . Memory (MB): peak = 775.410 ; gain = 478.086
Finished IO Insertion : Time (s): cpu = 00:02:23 ; elapsed = 00:05:31 . Memory (MB): peak = 775.410 ; gain = 478.086
Finished Renaming Generated Instances : Time (s): cpu = 00:02:23 ; elapsed = 00:05:32 . Memory (MB): peak = 775.410 ; gain = 478.086
Finished Rebuilding User Hierarchy : Time (s): cpu = 00:02:23 ; elapsed = 00:05:37 . Memory (MB): peak = 775.410 ; gain = 478.086
Finished Renaming Generated Ports : Time (s): cpu = 00:02:23 ; elapsed = 00:05:37 . Memory (MB): peak = 775.410 ; gain = 478.086
Finished Handling Custom Attributes : Time (s): cpu = 00:02:23 ; elapsed = 00:05:37 . Memory (MB): peak = 775.410 ; gain = 478.086
Finished Renaming Generated Nets : Time (s): cpu = 00:02:23 ; elapsed = 00:05:38 . Memory (MB): peak = 775.410 ; gain = 478.086

Report Cell Usage: 
+------+------------+------+
|      |Cell        |Count |
+------+------------+------+
|1     |LUT4        |     8|
|2     |LUT5        |     8|
|3     |LUT6        |    62|
|4     |MUXF7       |    24|
|5     |RAMB36E1    |     1|
|6     |RAMB36E1_1  |     1|
|7     |RAMB36E1_10 |     1|
|8     |RAMB36E1_11 |     1|
|9     |RAMB36E1_12 |     1|
|10    |RAMB36E1_13 |     1|
|11    |RAMB36E1_14 |     1|
|12    |RAMB36E1_15 |     1|
|13    |RAMB36E1_16 |     1|
|14    |RAMB36E1_17 |     1|
|15    |RAMB36E1_18 |     1|
|16    |RAMB36E1_19 |     1|
|17    |RAMB36E1_2  |     1|
|18    |RAMB36E1_20 |     2|
|19    |RAMB36E1_3  |     1|
|20    |RAMB36E1_4  |     1|
|21    |RAMB36E1_5  |     1|
|22    |RAMB36E1_6  |     1|
|23    |RAMB36E1_7  |     1|
|24    |RAMB36E1_8  |     1|
|25    |RAMB36E1_9  |     1|
|26    |FDRE        |    10|
+------+------------+------+
Finished Writing Synthesis Report : Time (s): cpu = 00:02:23 ; elapsed = 00:05:38 . Memory (MB): peak = 775.410 ; gain = 478.086
synth_design: Time (s): cpu = 00:02:25 ; elapsed = 00:05:47 . Memory (MB): peak = 787.934 ; gain = 499.324
