
*** Running vivado
    with args -log EXPLOSION_AUDIO.vds -m64 -product Vivado -mode batch -messageDb vivado.pb -notrace -source EXPLOSION_AUDIO.tcl


****** Vivado v2017.3 (64-bit)
  **** SW Build 2018833 on Wed Oct  4 19:58:22 MDT 2017
  **** IP Build 2016188 on Wed Oct  4 21:52:56 MDT 2017
    ** Copyright 1986-2017 Xilinx, Inc. All Rights Reserved.

source EXPLOSION_AUDIO.tcl -notrace
Starting RTL Elaboration : Time (s): cpu = 00:00:08 ; elapsed = 00:00:20 . Memory (MB): peak = 392.672 ; gain = 95.938
INFO: [Synth 8-638] synthesizing module 'EXPLOSION_AUDIO' [c:/Users/AdoneyGalvan/Vivado Projects/GAME/GAME.srcs/sources_1/ip/EXPLOSION_AUDIO/synth/EXPLOSION_AUDIO.vhd:68]
INFO: [Synth 8-256] done synthesizing module 'EXPLOSION_AUDIO' (11#1) [c:/Users/AdoneyGalvan/Vivado Projects/GAME/GAME.srcs/sources_1/ip/EXPLOSION_AUDIO/synth/EXPLOSION_AUDIO.vhd:68]
Finished RTL Elaboration : Time (s): cpu = 00:01:57 ; elapsed = 00:02:26 . Memory (MB): peak = 670.141 ; gain = 373.406
Finished RTL Optimization Phase 1 : Time (s): cpu = 00:01:57 ; elapsed = 00:02:27 . Memory (MB): peak = 670.141 ; gain = 373.406
INFO: [Device 21-403] Loading part xc7a100tcsg324-1
Constraint Validation Runtime : Time (s): cpu = 00:00:00 ; elapsed = 00:00:00.445 . Memory (MB): peak = 757.223 ; gain = 0.000
Finished Constraint Validation : Time (s): cpu = 00:02:11 ; elapsed = 00:02:54 . Memory (MB): peak = 757.223 ; gain = 460.488
Finished Loading Part and Timing Information : Time (s): cpu = 00:02:11 ; elapsed = 00:02:54 . Memory (MB): peak = 757.223 ; gain = 460.488
Finished applying 'set_property' XDC Constraints : Time (s): cpu = 00:02:11 ; elapsed = 00:02:54 . Memory (MB): peak = 757.223 ; gain = 460.488
Finished RTL Optimization Phase 2 : Time (s): cpu = 00:02:12 ; elapsed = 00:02:55 . Memory (MB): peak = 757.223 ; gain = 460.488
Finished Cross Boundary and Area Optimization : Time (s): cpu = 00:02:13 ; elapsed = 00:02:57 . Memory (MB): peak = 757.223 ; gain = 460.488
Finished Applying XDC Timing Constraints : Time (s): cpu = 00:02:23 ; elapsed = 00:03:10 . Memory (MB): peak = 761.922 ; gain = 465.188
Finished Timing Optimization : Time (s): cpu = 00:02:24 ; elapsed = 00:03:11 . Memory (MB): peak = 762.922 ; gain = 466.188
Finished Technology Mapping : Time (s): cpu = 00:02:24 ; elapsed = 00:03:12 . Memory (MB): peak = 775.070 ; gain = 478.336
Finished IO Insertion : Time (s): cpu = 00:02:25 ; elapsed = 00:03:15 . Memory (MB): peak = 775.070 ; gain = 478.336
Finished Renaming Generated Instances : Time (s): cpu = 00:02:25 ; elapsed = 00:03:15 . Memory (MB): peak = 775.070 ; gain = 478.336
Finished Rebuilding User Hierarchy : Time (s): cpu = 00:02:25 ; elapsed = 00:03:15 . Memory (MB): peak = 775.070 ; gain = 478.336
Finished Renaming Generated Ports : Time (s): cpu = 00:02:25 ; elapsed = 00:03:15 . Memory (MB): peak = 775.070 ; gain = 478.336
Finished Handling Custom Attributes : Time (s): cpu = 00:02:25 ; elapsed = 00:03:15 . Memory (MB): peak = 775.070 ; gain = 478.336
Finished Renaming Generated Nets : Time (s): cpu = 00:02:25 ; elapsed = 00:03:15 . Memory (MB): peak = 775.070 ; gain = 478.336

Report Cell Usage: 
+------+------------+------+
|      |Cell        |Count |
+------+------------+------+
|1     |LUT2        |     1|
|2     |LUT3        |     2|
|3     |LUT4        |     5|
|4     |LUT5        |    29|
|5     |LUT6        |    22|
|6     |RAMB18E1    |     1|
|7     |RAMB18E1_1  |     1|
|8     |RAMB18E1_2  |     1|
|9     |RAMB18E1_3  |     1|
|10    |RAMB36E1    |     1|
|11    |RAMB36E1_1  |     1|
|12    |RAMB36E1_10 |     1|
|13    |RAMB36E1_11 |     1|
|14    |RAMB36E1_12 |     1|
|15    |RAMB36E1_13 |     1|
|16    |RAMB36E1_14 |     1|
|17    |RAMB36E1_15 |     1|
|18    |RAMB36E1_16 |     1|
|19    |RAMB36E1_17 |     1|
|20    |RAMB36E1_18 |     1|
|21    |RAMB36E1_2  |     1|
|22    |RAMB36E1_3  |     1|
|23    |RAMB36E1_4  |     1|
|24    |RAMB36E1_5  |     1|
|25    |RAMB36E1_6  |     1|
|26    |RAMB36E1_7  |     1|
|27    |RAMB36E1_8  |     1|
|28    |RAMB36E1_9  |     1|
|29    |FDRE        |     8|
+------+------------+------+
Finished Writing Synthesis Report : Time (s): cpu = 00:02:25 ; elapsed = 00:03:15 . Memory (MB): peak = 775.070 ; gain = 478.336
synth_design: Time (s): cpu = 00:02:27 ; elapsed = 00:03:31 . Memory (MB): peak = 785.621 ; gain = 497.535
