
*** Running vivado
    with args -log COLOR_TEST_MEM.vds -m64 -product Vivado -mode batch -messageDb vivado.pb -notrace -source COLOR_TEST_MEM.tcl


****** Vivado v2017.3 (64-bit)
  **** SW Build 2018833 on Wed Oct  4 19:58:22 MDT 2017
  **** IP Build 2016188 on Wed Oct  4 21:52:56 MDT 2017
    ** Copyright 1986-2017 Xilinx, Inc. All Rights Reserved.

source COLOR_TEST_MEM.tcl -notrace
Starting RTL Elaboration : Time (s): cpu = 00:00:08 ; elapsed = 00:00:08 . Memory (MB): peak = 391.539 ; gain = 95.063
INFO: [Synth 8-638] synthesizing module 'COLOR_TEST_MEM' [c:/Users/AdoneyGalvan/Vivado Projects/GAME/GAME.srcs/sources_1/ip/COLOR_TEST_MEM_1/synth/COLOR_TEST_MEM.vhd:68]
INFO: [Synth 8-256] done synthesizing module 'COLOR_TEST_MEM' (9#1) [c:/Users/AdoneyGalvan/Vivado Projects/GAME/GAME.srcs/sources_1/ip/COLOR_TEST_MEM_1/synth/COLOR_TEST_MEM.vhd:68]
Finished RTL Elaboration : Time (s): cpu = 00:01:14 ; elapsed = 00:01:15 . Memory (MB): peak = 600.422 ; gain = 303.945
Finished RTL Optimization Phase 1 : Time (s): cpu = 00:01:14 ; elapsed = 00:01:15 . Memory (MB): peak = 600.422 ; gain = 303.945
INFO: [Device 21-403] Loading part xc7a100tcsg324-1
Constraint Validation Runtime : Time (s): cpu = 00:00:00 ; elapsed = 00:00:00.008 . Memory (MB): peak = 674.969 ; gain = 0.000
Finished Constraint Validation : Time (s): cpu = 00:01:26 ; elapsed = 00:01:28 . Memory (MB): peak = 674.969 ; gain = 378.492
Finished Loading Part and Timing Information : Time (s): cpu = 00:01:26 ; elapsed = 00:01:28 . Memory (MB): peak = 674.969 ; gain = 378.492
Finished applying 'set_property' XDC Constraints : Time (s): cpu = 00:01:26 ; elapsed = 00:01:28 . Memory (MB): peak = 674.969 ; gain = 378.492
Finished RTL Optimization Phase 2 : Time (s): cpu = 00:01:26 ; elapsed = 00:01:29 . Memory (MB): peak = 674.969 ; gain = 378.492
Finished Cross Boundary and Area Optimization : Time (s): cpu = 00:01:27 ; elapsed = 00:01:29 . Memory (MB): peak = 674.969 ; gain = 378.492
Finished Applying XDC Timing Constraints : Time (s): cpu = 00:01:37 ; elapsed = 00:01:40 . Memory (MB): peak = 708.473 ; gain = 411.996
Finished Timing Optimization : Time (s): cpu = 00:01:37 ; elapsed = 00:01:40 . Memory (MB): peak = 708.473 ; gain = 411.996
Finished Technology Mapping : Time (s): cpu = 00:01:37 ; elapsed = 00:01:40 . Memory (MB): peak = 718.617 ; gain = 422.141
Finished IO Insertion : Time (s): cpu = 00:01:38 ; elapsed = 00:01:41 . Memory (MB): peak = 718.617 ; gain = 422.141
Finished Renaming Generated Instances : Time (s): cpu = 00:01:38 ; elapsed = 00:01:41 . Memory (MB): peak = 718.617 ; gain = 422.141
Finished Rebuilding User Hierarchy : Time (s): cpu = 00:01:38 ; elapsed = 00:01:41 . Memory (MB): peak = 718.617 ; gain = 422.141
Finished Renaming Generated Ports : Time (s): cpu = 00:01:38 ; elapsed = 00:01:41 . Memory (MB): peak = 718.617 ; gain = 422.141
Finished Handling Custom Attributes : Time (s): cpu = 00:01:38 ; elapsed = 00:01:41 . Memory (MB): peak = 718.617 ; gain = 422.141
Finished Renaming Generated Nets : Time (s): cpu = 00:01:38 ; elapsed = 00:01:41 . Memory (MB): peak = 718.617 ; gain = 422.141

Report Cell Usage: 
+------+---------+------+
|      |Cell     |Count |
+------+---------+------+
|1     |RAMB36E1 |     1|
+------+---------+------+
Finished Writing Synthesis Report : Time (s): cpu = 00:01:38 ; elapsed = 00:01:41 . Memory (MB): peak = 718.617 ; gain = 422.141
synth_design: Time (s): cpu = 00:01:39 ; elapsed = 00:01:44 . Memory (MB): peak = 730.137 ; gain = 441.426
