
*** Running vivado
    with args -log MEM.vds -m64 -product Vivado -mode batch -messageDb vivado.pb -notrace -source MEM.tcl


****** Vivado v2017.3 (64-bit)
  **** SW Build 2018833 on Wed Oct  4 19:58:22 MDT 2017
  **** IP Build 2016188 on Wed Oct  4 21:52:56 MDT 2017
    ** Copyright 1986-2017 Xilinx, Inc. All Rights Reserved.

source MEM.tcl -notrace
Starting RTL Elaboration : Time (s): cpu = 00:00:08 ; elapsed = 00:00:10 . Memory (MB): peak = 391.219 ; gain = 94.813
INFO: [Synth 8-638] synthesizing module 'MEM' [c:/Users/AdoneyGalvan/Vivado Projects/GAME/GAME.srcs/sources_1/ip/MEM/synth/MEM.vhd:68]
INFO: [Synth 8-256] done synthesizing module 'MEM' (9#1) [c:/Users/AdoneyGalvan/Vivado Projects/GAME/GAME.srcs/sources_1/ip/MEM/synth/MEM.vhd:68]
Finished RTL Elaboration : Time (s): cpu = 00:01:16 ; elapsed = 00:01:19 . Memory (MB): peak = 600.109 ; gain = 303.703
Finished RTL Optimization Phase 1 : Time (s): cpu = 00:01:16 ; elapsed = 00:01:19 . Memory (MB): peak = 600.109 ; gain = 303.703
INFO: [Device 21-403] Loading part xc7a100tcsg324-1
Constraint Validation Runtime : Time (s): cpu = 00:00:00 ; elapsed = 00:00:00.313 . Memory (MB): peak = 673.781 ; gain = 0.000
Finished Constraint Validation : Time (s): cpu = 00:01:28 ; elapsed = 00:01:33 . Memory (MB): peak = 673.781 ; gain = 377.375
Finished Loading Part and Timing Information : Time (s): cpu = 00:01:28 ; elapsed = 00:01:33 . Memory (MB): peak = 673.781 ; gain = 377.375
Finished applying 'set_property' XDC Constraints : Time (s): cpu = 00:01:28 ; elapsed = 00:01:33 . Memory (MB): peak = 673.781 ; gain = 377.375
Finished RTL Optimization Phase 2 : Time (s): cpu = 00:01:28 ; elapsed = 00:01:33 . Memory (MB): peak = 673.781 ; gain = 377.375
Finished Cross Boundary and Area Optimization : Time (s): cpu = 00:01:29 ; elapsed = 00:01:34 . Memory (MB): peak = 673.781 ; gain = 377.375
Finished Applying XDC Timing Constraints : Time (s): cpu = 00:01:39 ; elapsed = 00:01:44 . Memory (MB): peak = 705.289 ; gain = 408.883
Finished Timing Optimization : Time (s): cpu = 00:01:39 ; elapsed = 00:01:44 . Memory (MB): peak = 706.293 ; gain = 409.887
Finished Technology Mapping : Time (s): cpu = 00:01:39 ; elapsed = 00:01:44 . Memory (MB): peak = 715.438 ; gain = 419.031
Finished IO Insertion : Time (s): cpu = 00:01:40 ; elapsed = 00:01:46 . Memory (MB): peak = 715.438 ; gain = 419.031
Finished Renaming Generated Instances : Time (s): cpu = 00:01:40 ; elapsed = 00:01:46 . Memory (MB): peak = 715.438 ; gain = 419.031
Finished Rebuilding User Hierarchy : Time (s): cpu = 00:01:40 ; elapsed = 00:01:46 . Memory (MB): peak = 715.438 ; gain = 419.031
Finished Renaming Generated Ports : Time (s): cpu = 00:01:40 ; elapsed = 00:01:46 . Memory (MB): peak = 715.438 ; gain = 419.031
Finished Handling Custom Attributes : Time (s): cpu = 00:01:40 ; elapsed = 00:01:46 . Memory (MB): peak = 715.438 ; gain = 419.031
Finished Renaming Generated Nets : Time (s): cpu = 00:01:40 ; elapsed = 00:01:46 . Memory (MB): peak = 715.438 ; gain = 419.031

Report Cell Usage: 
+------+---------+------+
|      |Cell     |Count |
+------+---------+------+
|1     |RAMB18E1 |     1|
+------+---------+------+
Finished Writing Synthesis Report : Time (s): cpu = 00:01:40 ; elapsed = 00:01:46 . Memory (MB): peak = 715.438 ; gain = 419.031
synth_design: Time (s): cpu = 00:01:41 ; elapsed = 00:01:48 . Memory (MB): peak = 729.082 ; gain = 440.129
