
*** Running vivado
    with args -log WINLOSE.vds -m64 -product Vivado -mode batch -messageDb vivado.pb -notrace -source WINLOSE.tcl


****** Vivado v2017.3 (64-bit)
  **** SW Build 2018833 on Wed Oct  4 19:58:22 MDT 2017
  **** IP Build 2016188 on Wed Oct  4 21:52:56 MDT 2017
    ** Copyright 1986-2017 Xilinx, Inc. All Rights Reserved.

source WINLOSE.tcl -notrace
Starting RTL Elaboration : Time (s): cpu = 00:00:08 ; elapsed = 00:00:09 . Memory (MB): peak = 392.168 ; gain = 95.043
INFO: [Synth 8-638] synthesizing module 'WINLOSE' [c:/Users/AdoneyGalvan/Vivado Projects/GAME/GAME.srcs/sources_1/ip/WINLOSE/synth/WINLOSE.vhd:68]
INFO: [Synth 8-256] done synthesizing module 'WINLOSE' (9#1) [c:/Users/AdoneyGalvan/Vivado Projects/GAME/GAME.srcs/sources_1/ip/WINLOSE/synth/WINLOSE.vhd:68]
Finished RTL Elaboration : Time (s): cpu = 00:01:20 ; elapsed = 00:01:22 . Memory (MB): peak = 601.055 ; gain = 303.930
Finished RTL Optimization Phase 1 : Time (s): cpu = 00:01:20 ; elapsed = 00:01:22 . Memory (MB): peak = 601.055 ; gain = 303.930
INFO: [Device 21-403] Loading part xc7a100tcsg324-1
Constraint Validation Runtime : Time (s): cpu = 00:00:00 ; elapsed = 00:00:00.282 . Memory (MB): peak = 673.594 ; gain = 0.000
Finished Constraint Validation : Time (s): cpu = 00:01:32 ; elapsed = 00:01:40 . Memory (MB): peak = 673.594 ; gain = 376.469
Finished Loading Part and Timing Information : Time (s): cpu = 00:01:32 ; elapsed = 00:01:40 . Memory (MB): peak = 673.594 ; gain = 376.469
Finished applying 'set_property' XDC Constraints : Time (s): cpu = 00:01:32 ; elapsed = 00:01:40 . Memory (MB): peak = 673.594 ; gain = 376.469
Finished RTL Optimization Phase 2 : Time (s): cpu = 00:01:33 ; elapsed = 00:01:40 . Memory (MB): peak = 673.594 ; gain = 376.469
Finished Cross Boundary and Area Optimization : Time (s): cpu = 00:01:33 ; elapsed = 00:01:41 . Memory (MB): peak = 673.594 ; gain = 376.469
Finished Applying XDC Timing Constraints : Time (s): cpu = 00:01:44 ; elapsed = 00:01:52 . Memory (MB): peak = 708.262 ; gain = 411.137
Finished Timing Optimization : Time (s): cpu = 00:01:44 ; elapsed = 00:01:52 . Memory (MB): peak = 708.262 ; gain = 411.137
Finished Technology Mapping : Time (s): cpu = 00:01:44 ; elapsed = 00:01:52 . Memory (MB): peak = 718.406 ; gain = 421.281
Finished IO Insertion : Time (s): cpu = 00:01:45 ; elapsed = 00:01:53 . Memory (MB): peak = 718.406 ; gain = 421.281
Finished Renaming Generated Instances : Time (s): cpu = 00:01:45 ; elapsed = 00:01:53 . Memory (MB): peak = 718.406 ; gain = 421.281
Finished Rebuilding User Hierarchy : Time (s): cpu = 00:01:45 ; elapsed = 00:01:53 . Memory (MB): peak = 718.406 ; gain = 421.281
Finished Renaming Generated Ports : Time (s): cpu = 00:01:45 ; elapsed = 00:01:53 . Memory (MB): peak = 718.406 ; gain = 421.281
Finished Handling Custom Attributes : Time (s): cpu = 00:01:45 ; elapsed = 00:01:53 . Memory (MB): peak = 718.406 ; gain = 421.281
Finished Renaming Generated Nets : Time (s): cpu = 00:01:45 ; elapsed = 00:01:53 . Memory (MB): peak = 718.406 ; gain = 421.281

Report Cell Usage: 
+------+---------+------+
|      |Cell     |Count |
+------+---------+------+
|1     |RAMB36E1 |     1|
+------+---------+------+
Finished Writing Synthesis Report : Time (s): cpu = 00:01:45 ; elapsed = 00:01:53 . Memory (MB): peak = 718.406 ; gain = 421.281
synth_design: Time (s): cpu = 00:01:46 ; elapsed = 00:01:56 . Memory (MB): peak = 730.926 ; gain = 442.883
